<?xml version="1.0" encoding="UTF-8"?>
<!-- Generated by org.testng.reporters.JUnitReportReporter -->
<testsuite hostname="LAPTOP-6NCFE75A" failures="0" tests="4" name="com.assignment.Assignment1" time="5.278" errors="0" timestamp="2022-03-20T12:49:10 PDT" skipped="0">
  <testcase classname="com.assignment.Assignment1" name="toGetUserIdSize" time="4.111"/>
  <system-out/>
  <testcase classname="com.assignment.Assignment1" name="toGetRandomUserId" time="0.361"/>
  <system-out/>
  <testcase classname="com.assignment.Assignment1" name="toGetUsersPost" time="0.297"/>
  <system-out/>
  <testcase classname="com.assignment.Assignment1" name="toCreateUserNewPost" time="0.509"/>
  <system-out/>
</testsuite> <!-- com.assignment.Assignment1 -->
